Slither.io/Temp/gradleOut/launcher/build/outputs/mapping/debug/seeds.txt
com.SnowyNight.Snake.R$anim: int abc_fade_in
com.SnowyNight.Snake.R$anim: int abc_fade_out
com.SnowyNight.Snake.R$anim: int abc_grow_fade_in_from_bottom
com.SnowyNight.Snake.R$anim: int abc_popup_enter
com.SnowyNight.Snake.R$anim: int abc_popup_exit
com.SnowyNight.Snake.R$anim: int abc_shrink_fade_out_from_bottom
com.SnowyNight.Snake.R$anim: int abc_slide_in_bottom
com.SnowyNight.Snake.R$anim: int abc_slide_in_top
com.SnowyNight.Snake.R$anim: int abc_slide_out_bottom
com.SnowyNight.Snake.R$anim: int abc_slide_out_top
com.SnowyNight.Snake.R$anim: int abc_tooltip_enter
com.SnowyNight.Snake.R$anim: int abc_tooltip_exit
com.SnowyNight.Snake.R$anim: int btn_checkbox_to_checked_box_inner_merged_animation
com.SnowyNight.Snake.R$anim: int btn_checkbox_to_checked_box_outer_merged_animation
com.SnowyNight.Snake.R$anim: int btn_checkbox_to_checked_icon_null_animation
com.SnowyNight.Snake.R$anim: int btn_checkbox_to_unchecked_box_inner_merged_animation
com.SnowyNight.Snake.R$anim: int btn_checkbox_to_unchecked_check_path_merged_animation
com.SnowyNight.Snake.R$anim: int btn_checkbox_to_unchecked_icon_null_animation
com.SnowyNight.Snake.R$anim: int btn_radio_to_off_mtrl_dot_group_animation
com.SnowyNight.Snake.R$anim: int btn_radio_to_off_mtrl_ring_outer_animation
com.SnowyNight.Snake.R$anim: int btn_radio_to_off_mtrl_ring_outer_path_animation
com.SnowyNight.Snake.R$anim: int btn_radio_to_on_mtrl_dot_group_animation
com.SnowyNight.Snake.R$attr: int actionBarDivider
com.SnowyNight.Snake.R$attr: int actionBarItemBackground
com.SnowyNight.Snake.R$attr: int actionBarPopupTheme
com.SnowyNight.Snake.R$attr: int actionBarSize
com.SnowyNight.Snake.R$attr: int actionBarSplitStyle
com.SnowyNight.Snake.R$attr: int actionBarStyle
com.SnowyNight.Snake.R$attr: int actionBarTabBarStyle
com.SnowyNight.Snake.R$attr: int actionBarTabStyle
com.SnowyNight.Snake.R$attr: int actionBarTabTextStyle
com.SnowyNight.Snake.R$attr: int actionBarTheme
com.SnowyNight.Snake.R$attr: int actionBarWidgetTheme
com.SnowyNight.Snake.R$attr: int actionButtonStyle
com.SnowyNight.Snake.R$attr: int actionDropDownStyle
com.SnowyNight.Snake.R$attr: int actionLayout
com.SnowyNight.Snake.R$attr: int actionMenuTextAppearance
com.SnowyNight.Snake.R$attr: int actionMenuTextColor
com.SnowyNight.Snake.R$attr: int actionModeBackground
com.SnowyNight.Snake.R$attr: int actionModeCloseButtonStyle
com.SnowyNight.Snake.R$attr: int actionModeCloseDrawable
com.SnowyNight.Snake.R$attr: int actionModeCopyDrawable
com.SnowyNight.Snake.R$attr: int actionModeCutDrawable
com.SnowyNight.Snake.R$attr: int actionModeFindDrawable
com.SnowyNight.Snake.R$attr: int actionModePasteDrawable
com.SnowyNight.Snake.R$attr: int actionModePopupWindowStyle
com.SnowyNight.Snake.R$attr: int actionModeSelectAllDrawable
com.SnowyNight.Snake.R$attr: int actionModeShareDrawable
com.SnowyNight.Snake.R$attr: int actionModeSplitBackground
com.SnowyNight.Snake.R$bool: int abc_action_bar_embed_tabs
com.SnowyNight.Snake.R$bool: int abc_allow_stacked_button_bar
com.SnowyNight.Snake.R$bool: int abc_config_actionMenuItemAllCaps
com.SnowyNight.Snake.R$bool: int enable_system_alarm_service_default
com.SnowyNight.Snake.R$bool: int enable_system_job_service_default
com.SnowyNight.Snake.R$bool: int workmanager_test_configuration
...
com.unity3d.player.UnityPlayer$9
com.unity3d.player.UnityPlayer$9: boolean a
com.unity3d.player.UnityPlayer$9: com.unity3d.player.UnityPlayer b
com.unity3d.player.UnityPlayer$9: UnityPlayer$9(com.unity3d.player.UnityPlayer,boolean)
com.unity3d.player.UnityPlayer$9: void run()
com.unity3d.player.UnityPlayer$a
com.unity3d.player.UnityPlayer$a: com.unity3d.player.UnityPlayer a
com.unity3d.player.UnityPlayer$a: UnityPlayer$a(com.unity3d.player.UnityPlayer)
com.unity3d.player.UnityPlayer$a: void onAccuracyChanged(android.hardware.Sensor,int)
com.unity3d.player.UnityPlayer$a: void onSensorChanged(android.hardware.SensorEvent)
com.unity3d.player.UnityPlayer$b
com.unity3d.player.UnityPlayer$b: int a
com.unity3d.player.UnityPlayer$b: int b
com.unity3d.player.UnityPlayer$b: int c
com.unity3d.player.UnityPlayer$b: int[] d
com.unity3d.player.UnityPlayer$b: void <clinit>()
com.unity3d.player.UnityPlayer$c
com.unity3d.player.UnityPlayer$c: com.unity3d.player.UnityPlayer a
com.unity3d.player.UnityPlayer$c: UnityPlayer$c(com.unity3d.player.UnityPlayer)
com.unity3d.player.UnityPlayer$c: void onCallStateChanged(int,java.lang.String)
com.unity3d.player.UnityPlayer$c: UnityPlayer$c(com.unity3d.player.UnityPlayer,byte)
com.unity3d.player.UnityPlayer$d
com.unity3d.player.UnityPlayer$d: com.unity3d.player.UnityPlayer$d a
com.unity3d.player.UnityPlayer$d: com.unity3d.player.UnityPlayer$d b
com.unity3d.player.UnityPlayer$d: com.unity3d.player.UnityPlayer$d c
com.unity3d.player.UnityPlayer$d: com.unity3d.player.UnityPlayer$d d
com.unity3d.player.UnityPlayer$d: com.unity3d.player.UnityPlayer$d e
com.unity3d.player.UnityPlayer$d: com.unity3d.player.UnityPlayer$d f
com.unity3d.player.UnityPlayer$d: com.unity3d.player.UnityPlayer$d g
com.unity3d.player.UnityPlayer$d: com.unity3d.player.UnityPlayer$d h
com.unity3d.player.UnityPlayer$d: com.unity3d.player.UnityPlayer$d i
com.unity3d.player.UnityPlayer$d: com.unity3d.player.UnityPlayer$d j
com.unity3d.player.UnityPlayer$d: com.unity3d.player.UnityPlayer$d[] k
com.unity3d.player.UnityPlayer$d: UnityPlayer$d(java.lang.String,int)
com.unity3d.player.UnityPlayer$d: void <clinit>()
com.unity3d.player.UnityPlayer$e
com.unity3d.player.UnityPlayer$e: android.os.Handler a
com.unity3d.player.UnityPlayer$e: boolean b
com.unity3d.player.UnityPlayer$e: boolean c
com.unity3d.player.UnityPlayer$e: int d
com.unity3d.player.UnityPlayer$e: int e
com.unity3d.player.UnityPlayer$e: int f
com.unity3d.player.UnityPlayer$e: int g
com.unity3d.player.UnityPlayer$e: int h
com.unity3d.player.UnityPlayer$e: com.unity3d.player.UnityPlayer i
com.unity3d.player.UnityPlayer$e: UnityPlayer$e(com.unity3d.player.UnityPlayer)
com.unity3d.player.UnityPlayer$e: void run()
com.unity3d.player.UnityPlayer$e: void a()
com.unity3d.player.UnityPlayer$e: void b()
com.unity3d.player.UnityPlayer$e: void a(java.lang.Runnable)
com.unity3d.player.UnityPlayer$e: void c()
com.unity3d.player.UnityPlayer$e: void d()
com.unity3d.player.UnityPlayer$e: void b(java.lang.Runnable)
com.unity3d.player.UnityPlayer$e: void c(java.lang.Runnable)
com.unity3d.player.UnityPlayer$e: void d(java.lang.Runnable)
com.unity3d.player.UnityPlayer$e: void e()
com.unity3d.player.UnityPlayer$e: void a(com.unity3d.player.UnityPlayer$d)
com.unity3d.player.UnityPlayer$e: void a(int,int)
com.unity3d.player.UnityPlayer$e: UnityPlayer$e(com.unity3d.player.UnityPlayer,byte)
com.unity3d.player.UnityPlayer$e$1
com.unity3d.player.UnityPlayer$e$1: com.unity3d.player.UnityPlayer$e a
com.unity3d.player.UnityPlayer$e$1: UnityPlayer$e$1(com.unity3d.player.UnityPlayer$e)
com.unity3d.player.UnityPlayer$e$1: void a()
com.unity3d.player.UnityPlayer$e$1: boolean handleMessage(android.os.Message)