Slither.io/Temp/gradleOut/launcher/build/outputs/mapping/debug/mapping.txt
com.google.common.util.concurrent.ListenableFuture -> com.google.a.a.a.a:
    void addListener(java.lang.Runnable,java.util.concurrent.Executor) -> a
com.google.unity.ads.AdNetworkExtras -> com.google.unity.ads.AdNetworkExtras:
    android.os.Bundle buildExtras(java.util.HashMap) -> buildExtras
    java.lang.Class getAdapterClass() -> getAdapterClass
com.google.unity.ads.Banner -> com.google.unity.ads.Banner:
    com.google.android.gms.ads.AdView mAdView -> mAdView
    android.app.Activity mUnityPlayerActivity -> mUnityPlayerActivity
    int mPositionCode -> mPositionCode
    int mHorizontalOffset -> mHorizontalOffset
    int mVerticalOffset -> mVerticalOffset
    boolean mHidden -> mHidden
    com.google.unity.ads.UnityAdListener mUnityListener -> mUnityListener
    android.view.View$OnLayoutChangeListener mLayoutChangeListener -> mLayoutChangeListener
    void <init>(android.app.Activity,com.google.unity.ads.UnityAdListener) -> <init>
    void create(java.lang.String,com.google.android.gms.ads.AdSize,int) -> create
    void create(java.lang.String,com.google.android.gms.ads.AdSize,int,int) -> create
    void createAdView(java.lang.String,com.google.android.gms.ads.AdSize) -> createAdView
    void loadAd(com.google.android.gms.ads.AdRequest) -> loadAd
    void show() -> show
    void hide() -> hide
    void destroy() -> destroy
    float getHeightInPixels() -> getHeightInPixels
    float getWidthInPixels() -> getWidthInPixels
    void setPosition(int) -> setPosition
    void setPosition(int,int) -> setPosition
    android.widget.FrameLayout$LayoutParams getLayoutParams() -> getLayoutParams
    void updatePosition() -> updatePosition
    com.google.unity.ads.Banner$Insets getSafeInsets() -> getSafeInsets
    com.google.android.gms.ads.ResponseInfo getResponseInfo() -> getResponseInfo
com.google.unity.ads.Banner$1 -> com.google.unity.ads.Banner$1:
    java.lang.String val$publisherId -> val$publisherId
    com.google.android.gms.ads.AdSize val$adSize -> val$adSize
    int val$positionCode -> val$positionCode
    com.google.unity.ads.Banner this$0 -> this$0
    void <init>(com.google.unity.ads.Banner,java.lang.String,com.google.android.gms.ads.AdSize,int) -> <init>
    void run() -> run
com.google.unity.ads.Banner$10 -> com.google.unity.ads.Banner$10:
    com.google.unity.ads.Banner this$0 -> this$0
    void <init>(com.google.unity.ads.Banner) -> <init>
    java.lang.Integer call() -> call
    java.lang.Object call() -> call
com.google.unity.ads.Banner$11 -> com.google.unity.ads.Banner$11:
    com.google.unity.ads.Banner this$0 -> this$0
    void <init>(com.google.unity.ads.Banner) -> <init>
    java.lang.Integer call() -> call
    java.lang.Object call() -> call
com.google.unity.ads.Banner$12 -> com.google.unity.ads.Banner$12:
    int val$positionCode -> val$positionCode
    com.google.unity.ads.Banner this$0 -> this$0
    void <init>(com.google.unity.ads.Banner,int) -> <init>
    void run() -> run
com.google.unity.ads.Banner$13 -> com.google.unity.ads.Banner$13:
    int val$positionX -> val$positionX
    int val$positionY -> val$positionY
    com.google.unity.ads.Banner this$0 -> this$0
    void <init>(com.google.unity.ads.Banner,int,int) -> <init>
    void run() -> run
com.google.unity.ads.Banner$14 -> com.google.unity.ads.Banner$14:
    com.google.unity.ads.Banner this$0 -> this$0
    void <init>(com.google.unity.ads.Banner) -> <init>
    void run() -> run
com.google.unity.ads.Banner$15 -> com.google.unity.ads.Banner$15:
    com.google.unity.ads.Banner this$0 -> this$0
    void <init>(com.google.unity.ads.Banner) -> <init>
    com.google.android.gms.ads.ResponseInfo call() -> call
    java.lang.Object call() -> call