Slither.io/Temp/gradleOut/launcher/build/outputs/mapping/debug/usage.txt
com.SnowyNight.Snake.BuildConfig
com.SnowyNight.Snake.R
com.SnowyNight.Snake.R$anim
com.SnowyNight.Snake.R$attr
com.SnowyNight.Snake.R$bool
com.SnowyNight.Snake.R$color
com.SnowyNight.Snake.R$dimen
com.SnowyNight.Snake.R$drawable
com.SnowyNight.Snake.R$id
com.SnowyNight.Snake.R$integer
com.SnowyNight.Snake.R$interpolator
com.SnowyNight.Snake.R$layout
com.SnowyNight.Snake.R$mipmap
com.SnowyNight.Snake.R$string
com.SnowyNight.Snake.R$style
com.SnowyNight.Snake.R$styleable
...
androidx.lifecycle.MediatorLiveData$Source
androidx.lifecycle.MethodCallsLogger:
    36:40:public boolean approveCall(java.lang.String,int)
androidx.lifecycle.R
androidx.lifecycle.ReportFragment:
    private static final java.lang.String REPORT_FRAGMENT_TAG
    48:48:static androidx.lifecycle.ReportFragment get(android.app.Activity)
    129:130:void setProcessListener(androidx.lifecycle.ReportFragment$ActivityInitializationListener)
androidx.lifecycle.Transformations
androidx.lifecycle.Transformations$1
androidx.lifecycle.Transformations$2
androidx.lifecycle.Transformations$2$1
androidx.lifecycle.ViewModel:
    156:170:java.lang.Object setTagIfAbsent(java.lang.String,java.lang.Object)
    179:181:java.lang.Object getTag(java.lang.String)
androidx.lifecycle.ViewModelProvider:
    private static final java.lang.String DEFAULT_KEY
    94:95:public ViewModelProvider(androidx.lifecycle.ViewModelStoreOwner,androidx.lifecycle.ViewModelProvider$Factory)
androidx.lifecycle.ViewModelProvider$AndroidViewModelFactory
androidx.lifecycle.ViewModelProvider$KeyedFactory:
    76:76:public androidx.lifecycle.ViewModel create(java.lang.Class)
androidx.lifecycle.ViewModelProvider$NewInstanceFactory
androidx.lifecycle.ViewModelStore:
    54:54:java.util.Set keys()
androidx.lifecycle.livedata.R
androidx.lifecycle.livedata.core.R
androidx.lifecycle.service.R
androidx.lifecycle.viewmodel.R
androidx.loader.R
androidx.loader.R$attr
androidx.loader.R$color
androidx.loader.R$dimen
androidx.loader.R$drawable
androidx.loader.R$id
androidx.loader.R$integer
androidx.loader.R$layout
androidx.loader.R$string
androidx.loader.R$style
androidx.loader.R$styleable
androidx.loader.app.LoaderManager:
    public abstract androidx.loader.content.Loader initLoader(int,android.os.Bundle,androidx.loader.app.LoaderManager$LoaderCallbacks)
    public abstract androidx.loader.content.Loader restartLoader(int,android.os.Bundle,androidx.loader.app.LoaderManager$LoaderCallbacks)
    public abstract void destroyLoader(int)
    public abstract androidx.loader.content.Loader getLoader(int)
    235:236:public static void enableDebugLogging(boolean)
    242:242:public boolean hasRunningLoaders()
androidx.loader.app.LoaderManager$LoaderCallbacks:
    public abstract androidx.loader.content.Loader onCreateLoader(int,android.os.Bundle)
androidx.loader.app.LoaderManagerImpl:
    static final java.lang.String TAG
    382:400:private androidx.loader.content.Loader createAndInstallLoader(int,android.os.Bundle,androidx.loader.app.LoaderManager$LoaderCallbacks,androidx.loader.content.Loader)
    408:424:public androidx.loader.content.Loader initLoader(int,android.os.Bundle,androidx.loader.app.LoaderManager$LoaderCallbacks)
    433:447:public androidx.loader.content.Loader restartLoader(int,android.os.Bundle,androidx.loader.app.LoaderManager$LoaderCallbacks)
    453:466:public void destroyLoader(int)
    471:476:public androidx.loader.content.Loader getLoader(int)
    503:503:public boolean hasRunningLoaders()
androidx.loader.app.LoaderManagerImpl$LoaderInfo:
    61:67:LoaderManagerImpl$LoaderInfo(int,android.os.Bundle,androidx.loader.content.Loader,androidx.loader.content.Loader)
    98:107:androidx.loader.content.Loader setCallback(androidx.lifecycle.LifecycleOwner,androidx.loader.app.LoaderManager$LoaderCallbacks)
    125:129:boolean isCallbackWaitingForData()
    172:185:public void onLoadComplete(androidx.loader.content.Loader,java.lang.Object)
androidx.loader.app.LoaderManagerImpl$LoaderObserver:
    237:242:LoaderManagerImpl$LoaderObserver(androidx.loader.content.Loader,androidx.loader.app.LoaderManager$LoaderCallbacks)